[00:00] Start: Applying script "RAB_SmashSplitter_Part1"

===========================================================
                           STARTING SMASH MASTER LIMIT OVERLOAD SPLIT GENERATOR
===========================================================

Starting new Quickloader: 0
      AACT added to Quickloader0, now at 1 sigs/0 files.
      ADDN added to Quickloader0, now at 2 sigs/0 files.
      APPA added to Quickloader0, now at 3 sigs/0 files.
      ASTP added to Quickloader0, now at 4 sigs/0 files.
      CLDC added to Quickloader0, now at 5 sigs/0 files.
      DEBR added to Quickloader0, now at 6 sigs/0 files.
      EQUP added to Quickloader0, now at 7 sigs/0 files.
      EYES added to Quickloader0, now at 8 sigs/0 files.
      FSTP added to Quickloader0, now at 9 sigs/0 files.
      HAIR added to Quickloader0, now at 10 sigs/0 files.
      IDLM added to Quickloader0, now at 11 sigs/0 files.
      INFO added to Quickloader0, now at 12 sigs/0 files.
      LCRT added to Quickloader0, now at 13 sigs/0 files.
      LENS added to Quickloader0, now at 14 sigs/0 files.
      MATT added to Quickloader0, now at 15 sigs/0 files.
      PLYR added to Quickloader0, now at 16 sigs/0 files.
      PWAT added to Quickloader0, now at 17 sigs/0 files.
      RGDL added to Quickloader0, now at 18 sigs/0 files.
      SCOL added to Quickloader0, now at 19 sigs/0 files.
      TES4 added to Quickloader0, now at 20 sigs/0 files.
      VOLI added to Quickloader0, now at 21 sigs/0 files.
      VTYP added to Quickloader0, now at 22 sigs/0 files.
      CPTH added to Quickloader0, now at 23 sigs/0 files.
      DUAL added to Quickloader0, now at 24 sigs/0 files.
      REVB added to Quickloader0, now at 25 sigs/0 files.
      SCPT added to Quickloader0, now at 26 sigs/0 files.
      SOPM added to Quickloader0, now at 27 sigs/0 files.
      WOOP added to Quickloader0, now at 28 sigs/0 files.
      CAMS added to Quickloader0, now at 29 sigs/2 files.
      ANIO added to Quickloader0, now at 30 sigs/4 files.
      ARTO added to Quickloader0, now at 31 sigs/6 files.
      COLL added to Quickloader0, now at 32 sigs/8 files.
      TACT added to Quickloader0, now at 33 sigs/10 files.
      FSTS added to Quickloader0, now at 34 sigs/13 files.
      SMEN added to Quickloader0, now at 35 sigs/14 files.
      ASPC added to Quickloader0, now at 36 sigs/16 files.
      SNCT added to Quickloader0, now at 37 sigs/17 files.
      SPGD added to Quickloader0, now at 38 sigs/19 files.
      CLMT added to Quickloader0, now at 39 sigs/21 files.
      BPTD added to Quickloader0, now at 40 sigs/26 files.
      DOOR added to Quickloader0, now at 41 sigs/27 files.
      LVSP added to Quickloader0, now at 42 sigs/27 files.
      RFCT added to Quickloader0, now at 43 sigs/27 files.
      SOUN added to Quickloader0, now at 44 sigs/27 files.
      ECZN added to Quickloader0, now at 45 sigs/29 files.
      IMAD added to Quickloader0, now at 46 sigs/31 files.
      RELA added to Quickloader0, now at 47 sigs/33 files.
      CLFM added to Quickloader0, now at 48 sigs/36 files.
      DLBR added to Quickloader0, now at 49 sigs/39 files.
      EXPL added to Quickloader0, now at 50 sigs/42 files.
      KEYM added to Quickloader0, now at 51 sigs/45 files.
      HAZD added to Quickloader0, now at 52 sigs/48 files.
      MUST added to Quickloader0, now at 53 sigs/51 files.
      MUSC added to Quickloader0, now at 54 sigs/54 files.
      SHOU added to Quickloader0, now at 55 sigs/57 files.
      IPDS added to Quickloader0, now at 56 sigs/60 files.
      IPCT added to Quickloader0, now at 57 sigs/62 files.
      SMBN added to Quickloader0, now at 58 sigs/65 files.
      SCRL added to Quickloader0, now at 59 sigs/69 files.
      SLGM added to Quickloader0, now at 60 sigs/73 files.
      SNDR added to Quickloader0, now at 61 sigs/77 files.
      AVIF added to Quickloader0, now at 62 sigs/82 files.
      LSCR added to Quickloader0, now at 63 sigs/86 files.
      DOBJ added to Quickloader0, now at 64 sigs/90 files.
      MATO added to Quickloader0, now at 65 sigs/95 files.
      GRAS added to Quickloader0, now at 66 sigs/100 files.
      LGTM added to Quickloader0, now at 67 sigs/106 files.
      IMGS added to Quickloader0, now at 68 sigs/109 files.
      LTEX added to Quickloader0, now at 69 sigs/115 files.
      REGN added to Quickloader0, now at 70 sigs/121 files.
      CLAS added to Quickloader0, now at 71 sigs/128 files.
      CSTY added to Quickloader0, now at 72 sigs/134 files.
      MOVT added to Quickloader0, now at 73 sigs/138 files.
      LIGH added to Quickloader0, now at 74 sigs/145 files.
      WATR added to Quickloader0, now at 75 sigs/152 files.
      WTHR added to Quickloader0, now at 76 sigs/159 files.
      MESG added to Quickloader0, now at 77 sigs/167 files.
      DLVW added to Quickloader0, now at 78 sigs/176 files.
      FLOR added to Quickloader0, now at 79 sigs/186 files.
      IDLE added to Quickloader0, now at 80 sigs/196 files.

-----------------------------------------------------------

Finished calculating Quickloader0

80 sigs: ,AACT,ADDN,APPA,ASTP,CLDC,DEBR,EQUP,EYES,FSTP,HAIR,IDLM,INFO,LCRT,LENS,MATT,PLYR,PWAT,RGDL,SCOL,TES4,VOLI,VTYP,CPTH,DUAL,REVB,SCPT,SOPM,WOOP,CAMS,ANIO,ARTO,COLL,TACT,FSTS,SMEN,ASPC,SNCT,SPGD,CLMT,BPTD,DOOR,LVSP,RFCT,SOUN,ECZN,IMAD,RELA,CLFM,DLBR,EXPL,KEYM,HAZD,MUST,MUSC,SHOU,IPDS,IPCT,SMBN,SCRL,SLGM,SNDR,AVIF,LSCR,DOBJ,MATO,GRAS,LGTM,IMGS,LTEX,REGN,CLAS,CSTY,MOVT,LIGH,WATR,WTHR,MESG,DLVW,FLOR,IDLE

196 files: ;Update.esm;SkyrimSE.exe;DumplingsbyKadraeus.esp;HearthFires.esm;UndeadFX_IDCPatch.esp;UndeadFX.esp;OStim.esp;DeadlyCombat.esp;Vigilant Voiced.esp;Vigilant.esm;Immersive Sounds - Compendium.esp;Dawnguard.esm;Dragonborn.esm;Hunting in Skyrim.esp;ClimatesOfTamriel.esm;TrueStormsSE.esp;CoT-BugFixesSE.esp;RealRainSECoT.esp;Supreme Weathers.esp;ClimatesOfTamriel-Wyrmstooth.esp;Wyrmstooth.esp;Unofficial Skyrim Special Edition Patch.esp;ccBGSSSE001-Fish.esm;ccQDRSSE001-SurvivalMode.esl;ccBGSSSE037-Curios.esl;ccBGSSSE025-AdvDSGS.esm;Destructible Skyrim.esp;Rebirth Monster.esp;High Level Enemies Redux - Encounter Zone Max Level Tweaks.esp;ClimatesOfTamriel-Dungeons-Darker.esp;ClimatesOfTamriel-Interiors-Warm.esp;Fertility Mode 3 Fixes and Updates.esp;Fertility Mode.esm;Skyrim Extended Cut - Saints and Seducers.esp;ethereal_elven_overhaul.esp;Realistic Haircolors.esp;Convenient Carriages.esp;Helgen Reborn.esp;ww_AlternateDBEnding.esp;Unofficial Skyrim Modders Patch.esp;Embers XD.esp;breath.esp;Comprehensive_Falskaar_Fixes.esp;Falskaar.esm;Cutting Room Floor.esp;breathddcse.esp;DiverseDragonsCollectionSE.esp;Elegant Magelight.esp;Tabiah.esp;BossMusic - OG Music Patch.esp;BossMusic.esm;Civil War Overhaul.esp;OCW_MusicPatch_VanillaPlus.esp;OCW_Obscure's_CollegeofWinterhold.esp;DragonCultDraugr.esp;ogCannibalDraugr.esp;Mighty Dragon Spells Shouts Breath.esp;DeadlySpellImpacts.esp;dD - Enhanced Blood Main.esp;ISC Enhanced Blood Patch.esp;PSI.esp;Frost Meshes Patch.esp;GreatWarSkyrim.esp;RDO Updated.esp;Relationship Dialogue Overhaul.esp;Oblivion.esp;MysticismMagic.esp;CACO_Survival Mode_USSEP_Patch.esp;Complete Alchemy & Cooking Overhaul.esp;ZIA_Complete Pack.esp;Sorcerer.esp;Skysan_Icicle.esp;RUSTIC SOULGEMS - Unsorted - ESL.esp;QuietBetterJumpingCGO.esp;Smart_NPC_Potions.esp;Take A Peek - New Stealth Mechanic.esp;Dynamic Activation Key.esp;LV_Cirilla.esp;Ordinator - Perks of Skyrim.esp;CACO_Ordinator_Patch.esp;PilgrimOrdinatorPatch.esp;Pilgrim.esp;Weapons Armor Clothing & Clutter Fixes.esp;Andromeda - Unique Standing Stones of Skyrim.esp;know_your_enemy2.esp;Imperious - Races of Skyrim.esp;Hothtrooper44_ArmorCompilation.esp;SunHelmSurvival.esp;3BBB.esp;HeightSizeFix.esp;ProjectedGlacierSnow.esl;Cathedral Landscapes.esp;Simplicity of Snow.esp;Simplicity of Snow - Cathedral Landscapes Patch.esp;Shaders of Solstheim.esp;NorthernGrass.esp;Waterplants-DoS-Cathedral-Patch.esp;waterplants.esp;DepthsOfSkyrim.esp;Origins Of Forest - 3D Forest Grass.esp;JBMod - ELFX Hardcore.esp;StandardLightingTemplatesUSSEP.esp;ELFX - Hardcore.esp;EnhancedLightsandFX.esp;ELFX Shadows.esp;WSEnhancer.esp;Weather of World.esp;ClimatesOfTamriel-Nights-L3.esp;Water for ENB (Shades of Skyrim).esp;Northern Roads - Grass Patch.esp;Northern Roads.esp;Cathedral - 3D Pine Grass.esp;Northen Cathedral Grass - Underwater Patch ESL.esp;Northern Cathedral Regional Grass (Merged).esp;vigilant-footprintsPatch.esp;Seasonal Weathers Framework - True Storms.esp;Seasonal Weathers Framework.esp;WetandCold.esp;Seasonal Weathers Framework - Climates Of Tamriel.esp;TrueStorms_Wet&Cold_Patch.esp;ClimatesOfTamriel-Falskaar.esp;Versus - Enemies Rescaled.esp;High Poly Head.esm;OBIS SE.esp;hokoronenemies.esp;Remiel_Enhancement.esp;HLIORemi.esp;Zim's Improved Dremora.esp;Immersive Weapons.esp;Serio's Enhanced Dragons Redone.esp;UltimateDragons.esp;Valravn - Integrated Combat of Skyrim.esp;SEDR DD UD Compatibility Patch.esp;DeadlyDragons.esp;Mortal Enemies - Rival Remix.esp;SkyTEST-Redux.esp;SkyTEST-HarderCreatures.esp;Convenient Horses.esp;Lanterns Of Skyrim II.esm;AKSkyrimUnderground.esm;Shadows.esp;LoS II - ELFX patch.esp;LoS II - Campfire addon.esp;Campfire.esm;ENB Light.esp;BISSE - Wyrmstooth.esp;Bathing in Skyrim - Main.esp;SunHelm_Falskaar.esp;Water for ENB - Patch - Falskaar.esp;BISSE - Falskaar.esp;Water for ENB - Patch - Darker LOD Water.esp;Water for ENB - Patch - Cabbage ENB.esp;Mists of Tamriel.esp;ENB Weathers.esp;ToosTruus Choice for RASS - WetandCold Patch.esp;Wet&Cold - WaterFix - Addon.esp;Supreme Weathers - Mists of Tamriel Patch.esp;IcePenguinWorldMap.esp;A Clear Map of Skyrim.esp;zDarkArena - Text Cleanup.esp;ZaZAnimationPack.esm;zDarkArena.esp;Andromeda Convenient Horses Patch.esp;CarriageAndStableDialogues.esp;RQPS - Vigilant Patch.esp;Radiant Quests Point System.esp;Ordinator_WACCF_Patch.esp;SexLab Confabulation.esp;PaarthurnaxQuestExpansion.esp;Caught Red Handed - Quest Expansion.esp;LetsMakeLove.esp;LetsMakeOut.esp;MoreAdventuresForOstim.esp;AA_OStim_Sequences.esp;SexLab-AmorousAdventures.esp;TheDBInitiates.esp;S3DTrees NextGenerationForests.esp;Real Wildlife Skyrim 0.1.esp;skyBirds_SSE.esp;Lanterns Of Wyrmstooth.esp;CC-Fishing_CACO_Patch.esp;CACO Rare Curios Patch.esp;Saints&SeducersExtendedCut_CACO.esp;S3DTrees - CACO Patch.esp;skyBirds Rebalance CACO.esp;CACO_Wyrmstooth_Patch.esp;Death Consumes All.esp;Shezarrine Saga.esm;MrissiTailOfTroubles.esp;MiraakFollower.esp;VioLens SE.esp;DSerCombatGameplayOverhaul.esp;loki_POISE.esp;Chesko_WearableLantern.esp;dD-No Spinning Death Animation Merged.esp;Bathing in Skyrim - SD_patch.esp

Creating QuickLoader plugin...

Setting description...

Adding 196 files as masters...
[SmashSplitQL0.esp] Adding master "Update.esm"
[SmashSplitQL0.esp] Adding master "DumplingsbyKadraeus.esp"
[SmashSplitQL0.esp] Adding master "HearthFires.esm"
[SmashSplitQL0.esp] Adding master "UndeadFX_IDCPatch.esp"
[SmashSplitQL0.esp] Adding master "UndeadFX.esp"
[SmashSplitQL0.esp] Adding master "OStim.esp"
[SmashSplitQL0.esp] Adding master "DeadlyCombat.esp"
[SmashSplitQL0.esp] Adding master "Vigilant Voiced.esp"
[SmashSplitQL0.esp] Adding master "Vigilant.esm"
[SmashSplitQL0.esp] Adding master "Immersive Sounds - Compendium.esp"
[SmashSplitQL0.esp] Adding master "Dawnguard.esm"
[SmashSplitQL0.esp] Adding master "Dragonborn.esm"
[SmashSplitQL0.esp] Adding master "Hunting in Skyrim.esp"
[SmashSplitQL0.esp] Adding master "ClimatesOfTamriel.esm"
[SmashSplitQL0.esp] Adding master "TrueStormsSE.esp"
[SmashSplitQL0.esp] Adding master "CoT-BugFixesSE.esp"
[SmashSplitQL0.esp] Adding master "RealRainSECoT.esp"
[SmashSplitQL0.esp] Adding master "Supreme Weathers.esp"
[SmashSplitQL0.esp] Adding master "ClimatesOfTamriel-Wyrmstooth.esp"
[SmashSplitQL0.esp] Adding master "Wyrmstooth.esp"
[SmashSplitQL0.esp] Adding master "Unofficial Skyrim Special Edition Patch.esp"
[SmashSplitQL0.esp] Adding master "ccBGSSSE001-Fish.esm"
[SmashSplitQL0.esp] Adding master "ccQDRSSE001-SurvivalMode.esl"
[SmashSplitQL0.esp] Adding master "ccBGSSSE037-Curios.esl"
[SmashSplitQL0.esp] Adding master "ccBGSSSE025-AdvDSGS.esm"
[SmashSplitQL0.esp] Adding master "Destructible Skyrim.esp"
[SmashSplitQL0.esp] Adding master "Rebirth Monster.esp"
[SmashSplitQL0.esp] Adding master "High Level Enemies Redux - Encounter Zone Max Level Tweaks.esp"
[SmashSplitQL0.esp] Adding master "ClimatesOfTamriel-Dungeons-Darker.esp"
[SmashSplitQL0.esp] Adding master "ClimatesOfTamriel-Interiors-Warm.esp"
[SmashSplitQL0.esp] Adding master "Fertility Mode 3 Fixes and Updates.esp"
[SmashSplitQL0.esp] Adding master "Fertility Mode.esm"
[SmashSplitQL0.esp] Adding master "Skyrim Extended Cut - Saints and Seducers.esp"
[SmashSplitQL0.esp] Adding master "ethereal_elven_overhaul.esp"
[SmashSplitQL0.esp] Adding master "Realistic Haircolors.esp"
[SmashSplitQL0.esp] Adding master "Convenient Carriages.esp"
[SmashSplitQL0.esp] Adding master "Helgen Reborn.esp"
[SmashSplitQL0.esp] Adding master "ww_AlternateDBEnding.esp"
[SmashSplitQL0.esp] Adding master "Unofficial Skyrim Modders Patch.esp"
[SmashSplitQL0.esp] Adding master "Embers XD.esp"
[SmashSplitQL0.esp] Adding master "breath.esp"
[SmashSplitQL0.esp] Adding master "Comprehensive_Falskaar_Fixes.esp"
[SmashSplitQL0.esp] Adding master "Falskaar.esm"
[SmashSplitQL0.esp] Adding master "Cutting Room Floor.esp"
[SmashSplitQL0.esp] Adding master "breathddcse.esp"
[SmashSplitQL0.esp] Adding master "DiverseDragonsCollectionSE.esp"
[SmashSplitQL0.esp] Adding master "Elegant Magelight.esp"
[SmashSplitQL0.esp] Adding master "Tabiah.esp"
[SmashSplitQL0.esp] Adding master "BossMusic - OG Music Patch.esp"
[SmashSplitQL0.esp] Adding master "BossMusic.esm"
[SmashSplitQL0.esp] Adding master "Civil War Overhaul.esp"
[SmashSplitQL0.esp] Adding master "OCW_MusicPatch_VanillaPlus.esp"
[SmashSplitQL0.esp] Adding master "OCW_Obscure's_CollegeofWinterhold.esp"
[SmashSplitQL0.esp] Adding master "DragonCultDraugr.esp"
[SmashSplitQL0.esp] Adding master "ogCannibalDraugr.esp"
[SmashSplitQL0.esp] Adding master "Mighty Dragon Spells Shouts Breath.esp"
[SmashSplitQL0.esp] Adding master "DeadlySpellImpacts.esp"
[SmashSplitQL0.esp] Adding master "dD - Enhanced Blood Main.esp"
[SmashSplitQL0.esp] Adding master "ISC Enhanced Blood Patch.esp"
[SmashSplitQL0.esp] Adding master "PSI.esp"
[SmashSplitQL0.esp] Adding master "Frost Meshes Patch.esp"
[SmashSplitQL0.esp] Adding master "GreatWarSkyrim.esp"
[SmashSplitQL0.esp] Adding master "RDO Updated.esp"
[SmashSplitQL0.esp] Adding master "Relationship Dialogue Overhaul.esp"
[SmashSplitQL0.esp] Adding master "Oblivion.esp"
[SmashSplitQL0.esp] Adding master "MysticismMagic.esp"
[SmashSplitQL0.esp] Adding master "CACO_Survival Mode_USSEP_Patch.esp"
[SmashSplitQL0.esp] Adding master "Complete Alchemy & Cooking Overhaul.esp"
[SmashSplitQL0.esp] Adding master "ZIA_Complete Pack.esp"
[SmashSplitQL0.esp] Adding master "Sorcerer.esp"
[SmashSplitQL0.esp] Adding master "Skysan_Icicle.esp"
[SmashSplitQL0.esp] Adding master "RUSTIC SOULGEMS - Unsorted - ESL.esp"
[SmashSplitQL0.esp] Adding master "QuietBetterJumpingCGO.esp"
[SmashSplitQL0.esp] Adding master "Smart_NPC_Potions.esp"
[SmashSplitQL0.esp] Adding master "Take A Peek - New Stealth Mechanic.esp"
[SmashSplitQL0.esp] Adding master "Dynamic Activation Key.esp"
[SmashSplitQL0.esp] Adding master "LV_Cirilla.esp"
[SmashSplitQL0.esp] Adding master "Ordinator - Perks of Skyrim.esp"
[SmashSplitQL0.esp] Adding master "CACO_Ordinator_Patch.esp"
[SmashSplitQL0.esp] Adding master "PilgrimOrdinatorPatch.esp"
[SmashSplitQL0.esp] Adding master "Pilgrim.esp"
[SmashSplitQL0.esp] Adding master "Weapons Armor Clothing & Clutter Fixes.esp"
[SmashSplitQL0.esp] Adding master "Andromeda - Unique Standing Stones of Skyrim.esp"
[SmashSplitQL0.esp] Adding master "know_your_enemy2.esp"
[SmashSplitQL0.esp] Adding master "Imperious - Races of Skyrim.esp"
[SmashSplitQL0.esp] Adding master "Hothtrooper44_ArmorCompilation.esp"
[SmashSplitQL0.esp] Adding master "SunHelmSurvival.esp"
[SmashSplitQL0.esp] Adding master "3BBB.esp"
[SmashSplitQL0.esp] Adding master "HeightSizeFix.esp"
[SmashSplitQL0.esp] Adding master "ProjectedGlacierSnow.esl"
[SmashSplitQL0.esp] Adding master "Cathedral Landscapes.esp"
[SmashSplitQL0.esp] Adding master "Simplicity of Snow.esp"
[SmashSplitQL0.esp] Adding master "Simplicity of Snow - Cathedral Landscapes Patch.esp"
[SmashSplitQL0.esp] Adding master "Shaders of Solstheim.esp"
[SmashSplitQL0.esp] Adding master "NorthernGrass.esp"
[SmashSplitQL0.esp] Adding master "Waterplants-DoS-Cathedral-Patch.esp"
[SmashSplitQL0.esp] Adding master "waterplants.esp"
[SmashSplitQL0.esp] Adding master "DepthsOfSkyrim.esp"
[SmashSplitQL0.esp] Adding master "Origins Of Forest - 3D Forest Grass.esp"
[SmashSplitQL0.esp] Adding master "JBMod - ELFX Hardcore.esp"
[SmashSplitQL0.esp] Adding master "StandardLightingTemplatesUSSEP.esp"
[SmashSplitQL0.esp] Adding master "ELFX - Hardcore.esp"
[SmashSplitQL0.esp] Adding master "EnhancedLightsandFX.esp"
[SmashSplitQL0.esp] Adding master "ELFX Shadows.esp"
[SmashSplitQL0.esp] Adding master "WSEnhancer.esp"
[SmashSplitQL0.esp] Adding master "Weather of World.esp"
[SmashSplitQL0.esp] Adding master "ClimatesOfTamriel-Nights-L3.esp"
[SmashSplitQL0.esp] Adding master "Water for ENB (Shades of Skyrim).esp"
[SmashSplitQL0.esp] Adding master "Northern Roads - Grass Patch.esp"
[SmashSplitQL0.esp] Adding master "Northern Roads.esp"
[SmashSplitQL0.esp] Adding master "Cathedral - 3D Pine Grass.esp"
[SmashSplitQL0.esp] Adding master "Northen Cathedral Grass - Underwater Patch ESL.esp"
[SmashSplitQL0.esp] Adding master "Northern Cathedral Regional Grass (Merged).esp"
[SmashSplitQL0.esp] Adding master "vigilant-footprintsPatch.esp"
[SmashSplitQL0.esp] Adding master "Seasonal Weathers Framework - True Storms.esp"
[SmashSplitQL0.esp] Adding master "Seasonal Weathers Framework.esp"
[SmashSplitQL0.esp] Adding master "WetandCold.esp"
[SmashSplitQL0.esp] Adding master "Seasonal Weathers Framework - Climates Of Tamriel.esp"
[SmashSplitQL0.esp] Adding master "TrueStorms_Wet&Cold_Patch.esp"
[SmashSplitQL0.esp] Adding master "ClimatesOfTamriel-Falskaar.esp"
[SmashSplitQL0.esp] Adding master "Versus - Enemies Rescaled.esp"
[SmashSplitQL0.esp] Adding master "High Poly Head.esm"
[SmashSplitQL0.esp] Adding master "OBIS SE.esp"
[SmashSplitQL0.esp] Adding master "hokoronenemies.esp"
[SmashSplitQL0.esp] Adding master "Remiel_Enhancement.esp"
[SmashSplitQL0.esp] Adding master "HLIORemi.esp"
[SmashSplitQL0.esp] Adding master "Zim's Improved Dremora.esp"
[SmashSplitQL0.esp] Adding master "Immersive Weapons.esp"
[SmashSplitQL0.esp] Adding master "Serio's Enhanced Dragons Redone.esp"
[SmashSplitQL0.esp] Adding master "UltimateDragons.esp"
[SmashSplitQL0.esp] Adding master "Valravn - Integrated Combat of Skyrim.esp"
[SmashSplitQL0.esp] Adding master "SEDR DD UD Compatibility Patch.esp"
[SmashSplitQL0.esp] Adding master "DeadlyDragons.esp"
[SmashSplitQL0.esp] Adding master "Mortal Enemies - Rival Remix.esp"
[SmashSplitQL0.esp] Adding master "SkyTEST-Redux.esp"
[SmashSplitQL0.esp] Adding master "SkyTEST-HarderCreatures.esp"
[SmashSplitQL0.esp] Adding master "Convenient Horses.esp"
[SmashSplitQL0.esp] Adding master "Lanterns Of Skyrim II.esm"
[SmashSplitQL0.esp] Adding master "AKSkyrimUnderground.esm"
[SmashSplitQL0.esp] Adding master "Shadows.esp"
[SmashSplitQL0.esp] Adding master "LoS II - ELFX patch.esp"
[SmashSplitQL0.esp] Adding master "LoS II - Campfire addon.esp"
[SmashSplitQL0.esp] Adding master "Campfire.esm"
[SmashSplitQL0.esp] Adding master "ENB Light.esp"
[SmashSplitQL0.esp] Adding master "BISSE - Wyrmstooth.esp"
[SmashSplitQL0.esp] Adding master "Bathing in Skyrim - Main.esp"
[SmashSplitQL0.esp] Adding master "SunHelm_Falskaar.esp"
[SmashSplitQL0.esp] Adding master "Water for ENB - Patch - Falskaar.esp"
[SmashSplitQL0.esp] Adding master "BISSE - Falskaar.esp"
[SmashSplitQL0.esp] Adding master "Water for ENB - Patch - Darker LOD Water.esp"
[SmashSplitQL0.esp] Adding master "Water for ENB - Patch - Cabbage ENB.esp"
[SmashSplitQL0.esp] Adding master "Mists of Tamriel.esp"
[SmashSplitQL0.esp] Adding master "ENB Weathers.esp"
[SmashSplitQL0.esp] Adding master "ToosTruus Choice for RASS - WetandCold Patch.esp"
[SmashSplitQL0.esp] Adding master "Wet&Cold - WaterFix - Addon.esp"
[SmashSplitQL0.esp] Adding master "Supreme Weathers - Mists of Tamriel Patch.esp"
[SmashSplitQL0.esp] Adding master "IcePenguinWorldMap.esp"
[SmashSplitQL0.esp] Adding master "A Clear Map of Skyrim.esp"
[SmashSplitQL0.esp] Adding master "zDarkArena - Text Cleanup.esp"
[SmashSplitQL0.esp] Adding master "ZaZAnimationPack.esm"
[SmashSplitQL0.esp] Adding master "zDarkArena.esp"
[SmashSplitQL0.esp] Adding master "Andromeda Convenient Horses Patch.esp"
[SmashSplitQL0.esp] Adding master "CarriageAndStableDialogues.esp"
[SmashSplitQL0.esp] Adding master "RQPS - Vigilant Patch.esp"
[SmashSplitQL0.esp] Adding master "Radiant Quests Point System.esp"
[SmashSplitQL0.esp] Adding master "Ordinator_WACCF_Patch.esp"
[SmashSplitQL0.esp] Adding master "SexLab Confabulation.esp"
[SmashSplitQL0.esp] Adding master "PaarthurnaxQuestExpansion.esp"
[SmashSplitQL0.esp] Adding master "Caught Red Handed - Quest Expansion.esp"
[SmashSplitQL0.esp] Adding master "LetsMakeLove.esp"
[SmashSplitQL0.esp] Adding master "LetsMakeOut.esp"
[SmashSplitQL0.esp] Adding master "MoreAdventuresForOstim.esp"
[SmashSplitQL0.esp] Adding master "AA_OStim_Sequences.esp"
[SmashSplitQL0.esp] Adding master "SexLab-AmorousAdventures.esp"
[SmashSplitQL0.esp] Adding master "TheDBInitiates.esp"
[SmashSplitQL0.esp] Adding master "S3DTrees NextGenerationForests.esp"
[SmashSplitQL0.esp] Adding master "Real Wildlife Skyrim 0.1.esp"
[SmashSplitQL0.esp] Adding master "skyBirds_SSE.esp"
[SmashSplitQL0.esp] Adding master "Lanterns Of Wyrmstooth.esp"
[SmashSplitQL0.esp] Adding master "CC-Fishing_CACO_Patch.esp"
[SmashSplitQL0.esp] Adding master "CACO Rare Curios Patch.esp"
[SmashSplitQL0.esp] Adding master "Saints&SeducersExtendedCut_CACO.esp"
[SmashSplitQL0.esp] Adding master "S3DTrees - CACO Patch.esp"
[SmashSplitQL0.esp] Adding master "skyBirds Rebalance CACO.esp"
[SmashSplitQL0.esp] Adding master "CACO_Wyrmstooth_Patch.esp"
[SmashSplitQL0.esp] Adding master "Death Consumes All.esp"
[SmashSplitQL0.esp] Adding master "Shezarrine Saga.esm"
[SmashSplitQL0.esp] Adding master "MrissiTailOfTroubles.esp"
[SmashSplitQL0.esp] Adding master "MiraakFollower.esp"
[SmashSplitQL0.esp] Adding master "VioLens SE.esp"
[SmashSplitQL0.esp] Adding master "DSerCombatGameplayOverhaul.esp"
[SmashSplitQL0.esp] Adding master "loki_POISE.esp"
[SmashSplitQL0.esp] Adding master "Chesko_WearableLantern.esp"
[SmashSplitQL0.esp] Adding master "dD-No Spinning Death Animation Merged.esp"
[SmashSplitQL0.esp] Adding master "Bathing in Skyrim - SD_patch.esp"

Finished creation Quickloader0

-----------------------------------------------------------

Starting new Quickloader: 1
      SMQN added to Quickloader1, now at 1 sigs/10 files.
      FURN added to Quickloader1, now at 2 sigs/36 files.
      EFSH added to Quickloader1, now at 3 sigs/55 files.
      PROJ added to Quickloader1, now at 4 sigs/74 files.
      AMMO added to Quickloader1, now at 5 sigs/86 files.
      SCEN added to Quickloader1, now at 6 sigs/106 files.
      GMST added to Quickloader1, now at 7 sigs/128 files.
      ENCH added to Quickloader1, now at 8 sigs/149 files.
      HDPT added to Quickloader1, now at 9 sigs/173 files.
      TXST added to Quickloader1, now at 10 sigs/193 files.

-----------------------------------------------------------

Finished calculating Quickloader1

10 sigs: ,SMQN,FURN,EFSH,PROJ,AMMO,SCEN,GMST,ENCH,HDPT,TXST

193 files: ;Aniya Follower.esp;NWS_Elana.esp;OrbOfDivines.esp;MMX452 New Family Life.esp;MMX452_AS7_AgentVoice.esp;MMX452 New Additional Starts.esp;CWRepairSGW.esp;CWRepairs.esp;Companions Dialogue Bundle.esp;Alternate Start - Live Another Life.esp;HearthFires.esm;SkyrimSE.exe;Update.esm;Unofficial Skyrim Special Edition Patch.esp;Dawnguard.esm;Dragonborn.esm;ccBGSSSE001-Fish.esm;ccQDRSSE001-SurvivalMode.esl;ccBGSSSE037-Curios.esl;ccBGSSSE025-AdvDSGS.esm;Campfire.esm;Destructible Skyrim.esp;Parallax TXST Fixes.esp;Fort(ified) Dawnguard.esp;Pilgrim.esp;HearthfireMultiKid.esp;Parallax TXST Fixes - Unofficial Skyrim Special Edition Patch.esp;Campfire Dynamic Collisions.esp;HPP - My fixes by Xtudo - Chopping Blocks - Campfire.esp;HPP - FirewoodSnow Campfire.esp;HPP - FirewoodSnow.esp;Hunterborn - Animations.esp;Hunterborn.esp;ImmersiveInteractions.esp;Dynamic Activation Key.esp;Tanning And Smelting Experience.esp;Unofficial Skyrim Modders Patch.esp;Particle Patch for ENB.esp;Immersive Sounds - Compendium.esp;Thaumaturgy.esp;Cutting Room Floor.esp;ToosTruus Choice for RASS - Glowing Shader Fix.esp;RASS - Visual Effects.esl;CL Chillrend.esp;SIC - ENB Light AddOn.esp;Skyrim Immersive Creatures Special Edition.esp;Bathing in Skyrim - Seamless soap texture patch.esp;Bathing in Skyrim - Main.esp;EXD-FECPatch.esp;FEC.esp;Embers XD - Fire Magick Add-On.esp;Embers XD.esp;RunicFlesh.esp;UndeadFX_IDCPatch.esp;UndeadFX.esp;MysticismMagic.esp;hokoronenemies.esp;Weapons Armor Clothing & Clutter Fixes.esp;Mighty Dragon Spells Shouts Breath.esp;High Level Enemies Redux Haugbui WACCF-Fishing.esp;High Level Enemies Redux Haugbui.esp;High Level Enemies Redux.esp;ABT SE - Kevkas All-in-One.esp;ISC Mysticism Patch.esp;breathddcse.esp;DiverseDragonsCollectionSE.esp;breath.esp;PSI.esp;DeadlySpellImpacts.esp;Haugbui - WACCF Patch.esp;Haugbui.esp;Saints&SeducersExtendedCut_WACCF.esp;Skyrim Extended Cut - Saints and Seducers.esp;BoundElementalArrows.esp;018AuriBoneArrowsImprovements.esp;018Auri.esp;Immersive Weapons.esp;Immersive Weapons_WACCF_Patch.esp;USMP - WACCF - GDO patch.esp;Guard Dialogue Overhaul.esp;Hunting in Skyrim - WACCF Patch.esp;Hunting in Skyrim.esp;Hunting in Skyrim - Balance Patch.esp;RideSharing.esp;Ordinator_WACCF_Patch.esp;Ordinator - Perks of Skyrim.esp;GreatWarSkyrim.esp;Civil War Overhaul.esp;Immersive Encounters.esp;SexLab Confabulation.esp;Comprehensive_Falskaar_Fixes.esp;Falskaar.esm;Great War - USSEP.esp;Relationship Dialogue Overhaul.esp;RDO Updated.esp;The Heart Of Dibella - Quest Expansion.esp;College Of Winterhold - Quest Expansion.esp;ww_AlternateDBEnding.esp;PaarthurnaxQuestExpansion.esp;CiceroFemaleConversion.esp;CiceroFemaleSE.esp;Take A Peek - New Stealth Mechanic.esp;TheDBInitiates.esp;Palaces Castles Enhanced.esp;PCE - RDO Patch.esp;PCE - Live Another Life Patch.esp;DynDOLOD.esm;Enhanced Landscapes.esp;Lanterns Of Skyrim II.esm;BIRDS.esl;Water for ENB.esm;NoBrokenWhiterunTower.esp;Vigilant.esm;Wyrmstooth.esp;Rebirth Monster.esp;Frostfall.esp;AI Overhaul.esp;SunHelmSurvival.esp;ENB Weathers.esp;Valravn - Integrated Combat of Skyrim.esp;dD - Enhanced Blood Main.esp;3BBB.esp;MoonsAndStars.esp;SmoothJumpINISettings.esp;C.O.C.K.S.Enhanced.esp;XPMSE.esp;Complete Alchemy & Cooking Overhaul.esp;nwsFollowerFramework.esp;Summermyst - Enchantments of Skyrim.esp;DragonCultDraugr.esp;ogCannibalDraugr.esp;BossNames.esp;BossMusic.esm;SkyTEST-HarderCreatures.esp;mihailvampirelordsandbeasts.esp;Oblivion.esp;loki_POISE.esp;MrissiQuestTweak.esp;MrissiTailOfTroubles.esp;Campfire - Pilgrim Patch.esp;Gauldurbrand.esp;Immersive Baba Yaga and the Labyrinth.esp;ksws03.esp;ksws03_quest.esp;Nightingale Hall.esp;ZimsImmersiveArtifacts_NightingaleHall_Patch.esp;ZIA_Complete Pack.esp;BoundElementalArrows-Ordinator.esp;Summermyst - WACCF Patch.esp;RSkyrimChildren.esm;ethereal_elven_overhaul_NPC.esp;ethereal_elven_overhaul.esp;Fluffy M'rissi.esp;Sofia Follower High Poly Heads-UNP.esp;High Poly Head.esm;KS Hairdo's.esp;SofiaFollower.esp;SofiaRemasteredSEv2.esp;Sofia Remastered SE.esp;Highpoly Toccata.esp;Toccata.esp;chooeymodularSMPhairedit.esp;evgmodularSMPhair.esp;Kalilies Brows - Non-playable.esp;KaliliesBrows.esp;Beards for High Poly Head.esp;Brows - Non-playable.esp;Brows.esp;Fluffy M'rissi Catgirl.esp;The Ordinary Women.esp;The Ordinary Women - Hair Physics Version.esp;KaliliesNPCs-Your Skin.esp;KaliliesNPCs.esp;SMIM-SE-Merged-All.esp;Cathedral Landscapes.esp;Auri Mount Texture Fix.esp;Parallax TXST Fixes - Simplicity of Snow.esp;Simplicity of Snow.esp;Aniya Follower - Vanilla Body Patch.esp;Parallax TXST Fixes - Wyrmstooth.esp;Skyrim Immersive Creatures Special Edition - Falmer Overhaul patch by Xtudo.esp;JS Knapsacks SE - WetandCold.esp;WetandCold.esp;WetandCold - Fur Hoods Fix.esp;CBBE.esp;AMB_Addon_EbonyArmorCubemaps_Xavbio.esp;aMidianBorn_ContentAddon.esp;Footprints - ENB.esp;Footprints.esp;JS Dragon Claws - Wyrmstooth Patch.esp;Parallax TXST Fixes - ERM CPM Patch.esp;Bijin AIO - YBMT.esp;Bijin AIO.esp

Creating QuickLoader plugin...

Setting description...

Adding 193 files as masters...
[SmashSplitQL0.esp] Adding master "Aniya Follower.esp"
[SmashSplitQL0.esp] Adding master "NWS_Elana.esp"
[SmashSplitQL0.esp] Adding master "OrbOfDivines.esp"
[SmashSplitQL0.esp] Adding master "MMX452 New Family Life.esp"
[SmashSplitQL0.esp] Adding master "MMX452_AS7_AgentVoice.esp"
[SmashSplitQL0.esp] Adding master "MMX452 New Additional Starts.esp"
[SmashSplitQL0.esp] Adding master "CWRepairSGW.esp"
[SmashSplitQL0.esp] Adding master "CWRepairs.esp"
[SmashSplitQL0.esp] Adding master "Companions Dialogue Bundle.esp"
[SmashSplitQL0.esp] Adding master "Alternate Start - Live Another Life.esp"
[SmashSplitQL0.esp] Adding master "Parallax TXST Fixes.esp"
[SmashSplitQL0.esp] Adding master "Fort(ified) Dawnguard.esp"
[SmashSplitQL0.esp] Adding master "HearthfireMultiKid.esp"
[SmashSplitQL0.esp] Adding master "Parallax TXST Fixes - Unofficial Skyrim Special Edition Patch.esp"
[SmashSplitQL0.esp] Adding master "Campfire Dynamic Collisions.esp"
[SmashSplitQL0.esp] Adding master "HPP - My fixes by Xtudo - Chopping Blocks - Campfire.esp"
[SmashSplitQL0.esp] Adding master "HPP - FirewoodSnow Campfire.esp"
[SmashSplitQL0.esp] Adding master "HPP - FirewoodSnow.esp"
[SmashSplitQL0.esp] Adding master "Hunterborn - Animations.esp"
[SmashSplitQL0.esp] Adding master "Hunterborn.esp"
[SmashSplitQL0.esp] Adding master "ImmersiveInteractions.esp"
[SmashSplitQL0.esp] Adding master "Tanning And Smelting Experience.esp"
[SmashSplitQL0.esp] Adding master "Particle Patch for ENB.esp"
[SmashSplitQL0.esp] Adding master "Thaumaturgy.esp"
[SmashSplitQL0.esp] Adding master "ToosTruus Choice for RASS - Glowing Shader Fix.esp"
[SmashSplitQL0.esp] Adding master "RASS - Visual Effects.esl"
[SmashSplitQL0.esp] Adding master "CL Chillrend.esp"
[SmashSplitQL0.esp] Adding master "SIC - ENB Light AddOn.esp"
[SmashSplitQL0.esp] Adding master "Skyrim Immersive Creatures Special Edition.esp"
[SmashSplitQL0.esp] Adding master "Bathing in Skyrim - Seamless soap texture patch.esp"
[SmashSplitQL0.esp] Adding master "EXD-FECPatch.esp"
[SmashSplitQL0.esp] Adding master "FEC.esp"
[SmashSplitQL0.esp] Adding master "Embers XD - Fire Magick Add-On.esp"
[SmashSplitQL0.esp] Adding master "RunicFlesh.esp"
[SmashSplitQL0.esp] Adding master "High Level Enemies Redux Haugbui WACCF-Fishing.esp"
[SmashSplitQL0.esp] Adding master "High Level Enemies Redux Haugbui.esp"
[SmashSplitQL0.esp] Adding master "High Level Enemies Redux.esp"
[SmashSplitQL0.esp] Adding master "ABT SE - Kevkas All-in-One.esp"
[SmashSplitQL0.esp] Adding master "ISC Mysticism Patch.esp"
[SmashSplitQL0.esp] Adding master "Haugbui - WACCF Patch.esp"
[SmashSplitQL0.esp] Adding master "Haugbui.esp"
[SmashSplitQL0.esp] Adding master "Saints&SeducersExtendedCut_WACCF.esp"
[SmashSplitQL0.esp] Adding master "BoundElementalArrows.esp"
[SmashSplitQL0.esp] Adding master "018AuriBoneArrowsImprovements.esp"
[SmashSplitQL0.esp] Adding master "018Auri.esp"
[SmashSplitQL0.esp] Adding master "Immersive Weapons_WACCF_Patch.esp"
[SmashSplitQL0.esp] Adding master "USMP - WACCF - GDO patch.esp"
[SmashSplitQL0.esp] Adding master "Guard Dialogue Overhaul.esp"
[SmashSplitQL0.esp] Adding master "Hunting in Skyrim - WACCF Patch.esp"
[SmashSplitQL0.esp] Adding master "Hunting in Skyrim - Balance Patch.esp"
[SmashSplitQL0.esp] Adding master "RideSharing.esp"
[SmashSplitQL0.esp] Adding master "Immersive Encounters.esp"
[SmashSplitQL0.esp] Adding master "Great War - USSEP.esp"
[SmashSplitQL0.esp] Adding master "The Heart Of Dibella - Quest Expansion.esp"
[SmashSplitQL0.esp] Adding master "College Of Winterhold - Quest Expansion.esp"
[SmashSplitQL0.esp] Adding master "CiceroFemaleConversion.esp"
[SmashSplitQL0.esp] Adding master "CiceroFemaleSE.esp"
[SmashSplitQL0.esp] Adding master "Palaces Castles Enhanced.esp"
[01:41] Exception in unit RAB_SmashSplitter_Part1 line 116: [Exception] Only 0 of 1 masters could be added. Master list now contains 253 entries and is full.
[01:41] Aborted: Applying script "RAB_SmashSplitter_Part1"